C51 COMPILER V9.00   1602                                                                  05/17/2015 10:57:33 PAGE 1   


C51 COMPILER V9.00, COMPILATION OF MODULE 1602
OBJECT MODULE PLACED IN 1602.OBJ
COMPILER INVOKED BY: F:\Keil\C51\BIN\C51.EXE 1602.c BROWSE DEBUG OBJECTEXTEND

line level    source

*** WARNING C500 IN LINE 1 OF 1602.C: LICENSE ERROR (R208: RENEW LICENSE ID CODE (LIC))

   1          /*
   2           * =============================================================
   3           *
   4           *       Filename:  1602.c
   5           *
   6           *    Description:  液晶显示c文件
   7           *
   8           *        Version:  1.0.1
   9           *        Created:  2015.5.13
  10           *       Revision:  first
  11           *       Compiler:  Keil μVision 4
  12           *
  13           *         Author:  杨君英、王锴
  14           *              Email:  513814330@qq.com
  15           *                 QQ:  513814330
  16           * =============================================================
  17           */
  18           #include       "1602.h"
  19           #include       "Timer.h"
  20           #include       <reg52.h>
  21          /*********************************************
  22                            宏定义
  23          **********************************************/
  24          #define DataPort P2      //8位数据口（硬件）
  25          #define Busy 0x80    //忙检测DB7
  26          /*********************************************
  27                          引脚位定义
  28          **********************************************/
  29          sbit RS=P0^5;        //寄存器选择输入端（硬件）
  30          sbit RW=P0^6;        //读写控制输入端（硬件）
  31          sbit E =P0^7;        //使能信号输入端（硬件）
  32          
  33          /*********************************************
  34                   内部函数定义（不可被外部文件引用）
  35          **********************************************/
  36          void  Lcd_delay(uint t);
  37          uchar Wait_for_busy(void);
  38          void  Lcd_write_CMD(uchar cmd);
  39          void  Lcd_write_DAT(uchar dat);
  40          void  Set_X_Y(uchar x,uchar y);
  41          
  42          /*********************************************
  43          函数名称： Lcd_delay
  44          函数功能： LCD专用延时函数，延时时间：t毫秒
  45          函数输入： t-延时时间控制变量
  46          函数输出： 无
  47          **********************************************/
  48          void Lcd_delay(uint t)
  49          {
  50   1              unsigned int i,j;
  51   1              for( i = 0; i < t; i ++ )
  52   1                      for( j = 115; j > 0; j --);
  53   1      }
  54          
C51 COMPILER V9.00   1602                                                                  05/17/2015 10:57:33 PAGE 2   

  55          /*********************************************
  56          函数名称： Lcd_write_CMD
  57          函数功能： 1602写命令
  58          函数输入： 命令代码
  59          函数输出： 无
  60          **********************************************/
  61          void Lcd_write_CMD(uchar cmd)
  62          {
  63   1              RS=0;
  64   1              RW=0;
  65   1              E=1;
  66   1              DataPort=cmd;
  67   1              Lcd_delay(1);
  68   1              E=0;
  69   1      }
  70          /*********************************************
  71          函数名称： Lcd_write_DAT
  72          函数功能： 1602写数据
  73          函数输入： 显示数据
  74          函数输出： 无
  75          **********************************************/
  76          void Lcd_write_DAT(uchar dat)
  77          {
  78   1              RS=1;
  79   1              RW=0;
  80   1              E=1;
  81   1              DataPort=dat;
  82   1              Lcd_delay(1);
  83   1              E=0;
  84   1      }
  85          /*********************************************
  86          函数名称： Wait_for_busy
  87          函数功能： 等待1602忙完
  88          函数输入： 无
  89          函数输出： 0表示成功 1表示超时
  90          **********************************************/
  91          uchar Wait_for_busy(void)
  92          {
  93   1              uchar times=10;//最多尝试10次
  94   1              DataPort=0xFF;//先全部拉低 等待数据
  95   1              RS=0;
  96   1              RW=1;
  97   1              do
  98   1              {
  99   2              E=1;
 100   2              Lcd_delay(3);   
 101   2              E=0;
 102   2              Lcd_delay(3);
 103   2              times--;
 104   2              }while((times>0)&&(DataPort&Busy==0x80));//数据最高位为1 表示忙
 105   1              if (times) return 0;
 106   1              else return 1;
 107   1      }
 108          /*********************************************
 109          函数名称： Init_1602
 110          函数功能： LCD1602初始化
 111          函数输入： 无
 112          函数输出： 无
 113          **********************************************/
 114          void Init_1602(void)
 115          {
 116   1              Lcd_delay(15);
C51 COMPILER V9.00   1602                                                                  05/17/2015 10:57:33 PAGE 3   

 117   1              Wait_for_busy();
 118   1              Lcd_write_CMD(0x38);
 119   1              Lcd_delay(5);
 120   1              Wait_for_busy();
 121   1              Lcd_write_CMD(0x38);
 122   1              Lcd_delay(1);
 123   1              Wait_for_busy();
 124   1              Lcd_write_CMD(0x38);
 125   1              Wait_for_busy();
 126   1              Lcd_write_CMD(0x08);
 127   1              Lcd_delay(10);
 128   1              Wait_for_busy();
 129   1              Lcd_write_CMD(0x01);
 130   1              Lcd_delay(10);
 131   1              Wait_for_busy();
 132   1              Lcd_write_CMD(0x06);
 133   1              Lcd_delay(10);
 134   1              Wait_for_busy();
 135   1              Lcd_write_CMD(0x0c);
 136   1              Lcd_delay(10);
 137   1      }
 138          /*********************************************
 139          函数名称： Set_X_Y
 140          函数功能： 设置光标X Y的值
 141          函数输入： 光标在x行 y列
 142          函数输出： 无
 143          **********************************************/
 144          void Set_X_Y(uchar x,uchar y)
 145          {
 146   1              uchar temp;                                                                                               
 147   1              if(x>1)x=1;     //行数只能是0或1
 148   1              if(y>15)y=15;   //列数只能是0~15
 149   1              temp=x*0x40+y;
 150   1              Lcd_write_CMD(temp|0x80);
 151   1      }
 152          /*********************************************
 153          函数名称： Write_char
 154          函数功能： 在X Y处输出一个固定字符
 155          函数输入： 光标在x行 y列 输出字符c
 156          函数输出： 无
 157          **********************************************/
 158          void Write_char(uchar x,uchar y,uchar c)
 159          {
 160   1              Set_X_Y(x,y);
 161   1              Lcd_write_DAT(c);
 162   1      }
 163          /*********************************************
 164          函数名称： Write_str
 165          函数功能： 在X Y处输出一个字符串
 166          函数输入： 光标在x行 y列 输出字符串指针c 字符串长度 l 
 167          函数输出： 无
 168          **********************************************/
 169          void Write_str(uchar x,uchar y,char *c,uchar l)
 170          {
 171   1              uchar i;
 172   1              Set_X_Y(x,y);
 173   1              for(i=0;i<l;i++)
 174   1              Lcd_write_DAT(c[i]);
 175   1      }
 176          /*********************************************
 177          函数名称： Display_Time
 178          函数功能： 显示时间
C51 COMPILER V9.00   1602                                                                  05/17/2015 10:57:33 PAGE 4   

 179          函数输入： 光标在x行 0列
 180          函数输出： 无
 181          **********************************************/
 182          void Display_Time(uchar x)
 183          {
 184   1              Set_X_Y(x,0);
 185   1              Lcd_write_DAT('T');
 186   1              Lcd_write_DAT('i');
 187   1              Lcd_write_DAT('m');
 188   1              Lcd_write_DAT('e');
 189   1              Lcd_write_DAT(' ');
 190   1              Lcd_write_DAT(MinuteH+0x30);
 191   1              Lcd_write_DAT(MinuteL+0x30);
 192   1              Lcd_write_DAT(':');
 193   1              Lcd_write_DAT(SecondH+0x30);
 194   1              Lcd_write_DAT(SecondL+0x30);
 195   1      }


MODULE INFORMATION:   STATIC OVERLAYABLE
   CODE SIZE        =    316    ----
   CONSTANT SIZE    =   ----    ----
   XDATA SIZE       =   ----    ----
   PDATA SIZE       =   ----    ----
   DATA SIZE        =   ----       7
   IDATA SIZE       =   ----    ----
   BIT SIZE         =   ----    ----
END OF MODULE INFORMATION.


C51 COMPILATION COMPLETE.  1 WARNING(S),  0 ERROR(S)
