C51 COMPILER V9.00   BUZZER                                                                05/17/2015 10:57:33 PAGE 1   


C51 COMPILER V9.00, COMPILATION OF MODULE BUZZER
OBJECT MODULE PLACED IN Buzzer.OBJ
COMPILER INVOKED BY: F:\Keil\C51\BIN\C51.EXE Buzzer.c BROWSE DEBUG OBJECTEXTEND

line level    source

*** WARNING C500 IN LINE 1 OF BUZZER.C: LICENSE ERROR (R208: RENEW LICENSE ID CODE (LIC))

   1           /*
   2           * =============================================================
   3           *
   4           *       Filename:  Buzzer.c
   5           *
   6           *    Description:  机器人大赛调试-普罗米修斯
   7           *
   8           *        Version:  1.0.1
   9           *        Created:  2015.5.13
  10           *       Revision:  first
  11           *       Compiler:  Keil μVision 4
  12           *
  13           *         Author:  杨君英、王锴
  14           *              Email:  513814330@qq.com
  15           *                 QQ:  513814330
  16           *
  17           * =============================================================
  18           */
  19          
  20          /*********************************************
  21                            头文件
  22          **********************************************/
  23          #include  <reg52.h>
  24          #include  <intrins.h>
  25          #include  "Buzzer.h"
  26          #include  "motor.h"
  27          /********************************************
  28          函数名称： Buzzer
  29          函数功能： 蜂鸣器发声delay_x*Ms，低电平发声
  30          函数输入： delay_x-蜂鸣器发声周期控制变量
  31          函数输出： 无
  32          **********************************************/
  33          void Buzzer(uchar delay_x)
  34          {
  35   1          Stop(0,0);
  36   1              BUZZER = 0;
  37   1              DelayMs(delay_x);
  38   1              BUZZER = 1;
  39   1              GoHead(20,21);
  40   1      }


MODULE INFORMATION:   STATIC OVERLAYABLE
   CODE SIZE        =     26    ----
   CONSTANT SIZE    =   ----    ----
   XDATA SIZE       =   ----    ----
   PDATA SIZE       =   ----    ----
   DATA SIZE        =   ----       1
   IDATA SIZE       =   ----    ----
   BIT SIZE         =   ----    ----
END OF MODULE INFORMATION.


C51 COMPILATION COMPLETE.  1 WARNING(S),  0 ERROR(S)
