C51 COMPILER V9.00   MAIN                                                                  05/17/2015 10:57:33 PAGE 1   


C51 COMPILER V9.00, COMPILATION OF MODULE MAIN
OBJECT MODULE PLACED IN main.OBJ
COMPILER INVOKED BY: F:\Keil\C51\BIN\C51.EXE main.c BROWSE DEBUG OBJECTEXTEND

line level    source

*** WARNING C500 IN LINE 1 OF MAIN.C: LICENSE ERROR (R208: RENEW LICENSE ID CODE (LIC))

   1          /*
   2           * =============================================================
   3           *
   4           *       Filename:  main.c
   5           *
   6           *    Description:  机器人大赛调试-普罗米修斯
   7           *
   8           *        Version:  1.0.1
   9           *        Created:  2015.5.13
  10           *       Revision:  first
  11           *       Compiler:  Keil μVision 4
  12           *
  13           *         Author:  杨君英、王锴
  14           *              Email:  513814330@qq.com
  15           *                 QQ:  513814330
  16           *
  17           * =============================================================
  18           */
  19          
  20          #define X 1
  21          
  22          /*********************************************
  23                            头文件
  24          **********************************************/
  25          #include        <reg52.h>
  26          #include    <intrins.h>
  27          #include        "Motor.h"       //电机
  28          #include        "1602.h"        //显示器
  29          #include        "Timer.h"       //计时器
  30          #include    "Buzzer.h"  //蜂鸣器
  31          /*********************************************
  32                            宏定义
  33          **********************************************/
  34          #define uchar   unsigned char
  35          #define uint    unsigned int
  36          /*********************************************
  37                          引脚位定义
  38          **********************************************/
  39          //---------- ST188 ------------//
  40          sbit    Sensor1  = P0^0;          //传感器1
  41          sbit    Sensor2  = P0^1;          //传感器2
  42          sbit    Sensor3  = P0^2;          //传感器3
  43          sbit    Sensor4  = P0^3;          //传感器4
  44          sbit    Sensor5  = P0^4;          //传感器5
  45          
  46          /*********************************************
  47                          变量定义
  48          **********************************************/
  49          uchar   road_status;             //循迹变量（道路检测状态）
  50          
  51          void    RoadTrack(road_status);  //循迹函数
  52          void  RoadTrack_1(road_status);
  53          void    Init_main(void);             //初始化函数
  54          
C51 COMPILER V9.00   MAIN                                                                  05/17/2015 10:57:33 PAGE 2   

  55          /*********************************************
  56          函数名称： Init_main
  57          函数功能： 初始化汇总
  58          函数输入： 无 
  59          函数输出： 无
  60          **********************************************/
  61          void  Init_main(void)
  62          {
  63   1              Init_1602();
  64   1              Init_Timer();
  65   1              Init_Motor();
  66   1      }
  67          
  68          /*********************************************
  69          函数名称： RoadTrack
  70          函数功能： 道路检测循迹
  71          函数输入： road_status-道路检测状态 
  72          函数输出： 无
  73          **********************************************/
  74          void  RoadTrack(road_status)
  75          {
  76   1              switch (road_status)
  77   1              {
  78   2                      case 0x04:      GoHead(44*X,44*X);      break;              //前进
  79   2                      case 0x00:  GoBack(30*X,30*X);  DelayMs(20);break;  //直线后退
  80   2      
  81   2                      case 0x06:      GoHead(25*X,40*X);      break;              //小左转1
  82   2                      case 0x02:      GoHead(17*X,40*X);      break;              //小左转2
  83   2                      case 0x03:      GoHead(35*X,55*X);      break;              //大左转1
  84   2                      case 0x01:      GoHead(17*X,55*X);      break;              //大左转2
  85   2                      
  86   2                      case 0x0C:      GoHead(39*X,25*X);      break;              //小右转1
  87   2                      case 0x08:      GoHead(39*X,17*X);      break;              //小右转2
  88   2                      case 0x18:      GoHead(56*X,25*X);      break;              //大右转1   
  89   2                      case 0x10:      GoHead(56*X,17*X);      break;              //大右转2
  90   2                      
  91   2                      case 0x05:  Goright_90(300); break;                             
  92   2                      default:break; 
  93   2              }
  94   1      }
  95          
  96          /*********************************************
  97          函数名称： RoadTrack_1
  98          函数功能： 道路检测循迹
  99          函数输入： road_status-道路检测状态 
 100          函数输出： 无
 101          **********************************************/
 102          void  RoadTrack_1(road_status)
 103          {
 104   1              switch (road_status)
 105   1              {
 106   2                      case 0x04:      GoBack(44*X,44*X);      break;              //前进
 107   2                      case 0x00:  GoHead(30*X,30*X);  DelayMs(20);break;  //直线后退
 108   2      
 109   2                      case 0x06:      GoBack(40*X,25*X);      break;              //小左转1
 110   2                      case 0x02:      GoBack(40*X,17*X);      break;              //小左转2
 111   2                      case 0x03:      GoBack(55*X,35*X);      break;              //大左转1
 112   2                      case 0x01:      GoBack(55*X,17*X);      break;              //大左转2
 113   2                      
 114   2                      case 0x0C:      GoBack(25*X,39*X);      break;              //小右转1
 115   2                      case 0x08:      GoBack(17*X,39*X);      break;              //小右转2
 116   2                      case 0x18:      GoBack(25*X,56*X);      break;              //大右转1   
C51 COMPILER V9.00   MAIN                                                                  05/17/2015 10:57:33 PAGE 3   

 117   2                      case 0x10:      GoBack(17*X,56*X);      break;              //大右转2
 118   2                      
 119   2                      case 0x05:  GoBack(44*X,44*X);  break;                          
 120   2                      default:break; 
 121   2              }
 122   1      }
 123          
 124          /********************************************
 125          函数名称： main
 126          函数功能： 整个程序的入口
 127          函数输入： 无
 128          函数输出： 无
 129          **********************************************/
 130          void main(void)
 131          { 
 132   1              int Black_FLAG;     //全黑计数标志
 133   1              Black_FLAG=0;       //全黑标志清零
 134   1              Init_main();
 135   1              Stop(30,30);
 136   1              Write_str(0,3,"Prometheus",10);   //显示组名
 137   1              while(1)
 138   1              {
 139   2                      if (Sensor1==1 && Sensor2==1 && Sensor3==1 && Sensor4==1 && Sensor5==1) Black_FLAG++;
 140   2                      if (Black_FLAG==5) break;
 141   2                      road_status = Sensor(Sensor1,Sensor2,Sensor3,Sensor4,Sensor5);
 142   2                      RoadTrack(road_status);
 143   2                  DelayMs(100);
 144   2                      Display_Time(1);
 145   2              }
 146   1              while(1)
 147   1              {
 148   2                      if (Sensor1==1 && Sensor2==1 && Sensor3==1 && Sensor4==1 && Sensor5==1) Black_FLAG++;
 149   2                      if (Black_FLAG==7) break;
 150   2                      road_status = Sensor(Sensor1,Sensor2,Sensor3,Sensor4,Sensor5);
 151   2                      RoadTrack_1(road_status);
 152   2                  DelayMs(100);
 153   2                      Display_Time(1);
 154   2              }
 155   1              while(1)
 156   1              {
 157   2                      if (Sensor1==1 && Sensor2==1 && Sensor3==1 && Sensor4==1 && Sensor5==1) Black_FLAG++;
 158   2                      if (Black_FLAG==9) break;
 159   2                      road_status = Sensor(Sensor1,Sensor2,Sensor3,Sensor4,Sensor5);
 160   2                      RoadTrack(road_status);
 161   2                  DelayMs(100);
 162   2                      Display_Time(1);
 163   2              }
 164   1              Display_Time(1);
 165   1              while(1)
 166   1              {
 167   2                      GoHead(0,0);
 168   2                      DelayMs(300);
 169   2              }
 170   1      }


MODULE INFORMATION:   STATIC OVERLAYABLE
   CODE SIZE        =    568    ----
   CONSTANT SIZE    =     11    ----
   XDATA SIZE       =   ----    ----
   PDATA SIZE       =   ----    ----
   DATA SIZE        =      1       2
C51 COMPILER V9.00   MAIN                                                                  05/17/2015 10:57:33 PAGE 4   

   IDATA SIZE       =   ----    ----
   BIT SIZE         =   ----    ----
END OF MODULE INFORMATION.


C51 COMPILATION COMPLETE.  1 WARNING(S),  0 ERROR(S)
